<?xml version="1.0" encoding="UTF-8"?>
<!-- Generated by org.testng.reporters.JUnitReportReporter -->
<testsuite hostname="DESKTOP-23K2P5H" failures="0" tests="2" name="qaclickacademy.maveenjava.SeleniumTest" time="0.019" errors="0" timestamp="2022-01-19T11:48:00 EST" skipped="0">
  <testcase classname="qaclickacademy.maveenjava.SeleniumTest" name="elements" time="0.003"/>
  <system-out/>
  <testcase classname="qaclickacademy.maveenjava.SeleniumTest" name="BrowserAutomation" time="0.016"/>
  <system-out/>
</testsuite> <!-- qaclickacademy.maveenjava.SeleniumTest -->
