<?xml version="1.0" encoding="UTF-8"?>
<!-- Generated by org.testng.reporters.JUnitReportReporter -->
<testsuite hostname="DESKTOP-23K2P5H" failures="0" tests="2" name="qaclickacademy.maveenjava.RESTAPI" time="0.022" errors="0" timestamp="2022-01-19T11:47:44 EST" skipped="0">
  <testcase classname="qaclickacademy.maveenjava.RESTAPI" name="postjira" time="0.004"/>
  <system-out/>
  <testcase classname="qaclickacademy.maveenjava.RESTAPI" name="deleteTwitter" time="0.018"/>
  <system-out/>
</testsuite> <!-- qaclickacademy.maveenjava.RESTAPI -->
