<?xml version="1.0" encoding="UTF-8"?>
<!-- Generated by org.testng.reporters.JUnitReportReporter -->
<testsuite hostname="DESKTOP-23K2P5H" failures="0" tests="2" name="qaclickacademy.maveenjava.AppiumTest" time="0.016" errors="0" timestamp="2022-01-19T16:15:32 EST" skipped="0">
  <testcase classname="qaclickacademy.maveenjava.AppiumTest" name="IOSApps" time="0.014"/>
  <system-out/>
  <testcase classname="qaclickacademy.maveenjava.AppiumTest" name="NativeAppAndroid" time="0.002"/>
  <system-out/>
</testsuite> <!-- qaclickacademy.maveenjava.AppiumTest -->
