<?xml version="1.0" encoding="UTF-8"?>
<!-- Generated by org.testng.reporters.JUnitReportReporter -->
<testsuite hostname="DESKTOP-23K2P5H" failures="0" tests="2" name="qaclickacademy.maveenjava.AppiumTest" time="0.011" errors="0" timestamp="2022-01-19T13:05:03 EST" skipped="0">
  <testcase classname="qaclickacademy.maveenjava.AppiumTest" name="NativeAppAndroid" time="0.001"/>
  <system-out/>
  <testcase classname="qaclickacademy.maveenjava.AppiumTest" name="IOSApps" time="0.010"/>
  <system-out/>
</testsuite> <!-- qaclickacademy.maveenjava.AppiumTest -->
